[ 2016-11-24T18:01:10+08:00 ] 127.0.0.1 127.0.0.1 GET /public/
[ log ] admin.com/public/ [运行时间：0.016000s][吞吐率：62.50req/s] [内存消耗：741.23kb] [文件加载：25]
[ info ] [ LANG ] D:\WWW\myadmin\thinkphp\lang\zh-cn.php
[ info ] [ ROUTE ] array (
  'type' => 'module',
  'module' => 
  array (
    0 => '',
    1 => NULL,
    2 => NULL,
  ),
)
[ info ] [ HEADER ] array (
  'connection' => 'close',
  'host' => 'admin.com',
  'accept-encoding' => 'gzip, deflate',
  'user-agent' => 'Mozilla/4.0 (compatible; MSIE 8.0; Windows NT 6.1; WOW64; Trident/4.0; SLCC2; .NET CLR 2.0.50727; .NET CLR 3.5.30729; .NET CLR 3.0.30729; .NET4.0C; .NET4.0E; Core/1.53.1708.400 QQBrowser/9.5.9635.400)',
  'accept-language' => 'zh-CN',
  'accept' => 'application/x-ms-application, image/jpeg, application/xaml+xml, image/gif, image/pjpeg, application/x-ms-xbap, application/msword, application/vnd.ms-excel, application/vnd.ms-powerpoint, */*',
)
[ info ] [ PARAM ] array (
)
[ info ] [ RUN ] app\index\controller\Index->index[ D:\WWW\myadmin\application\index\controller\Index.php ]
[ info ] [ LOG ] INIT File

---------------------------------------------------------------
